0.025 0.0 0.0 0.0 -0.001218960254477843
0.07500000000000001 0.0 0.0 0.0 -0.0085327217813449
0.12500000000000003 0.0 0.0 0.0 -0.023160244835079013
0.17500000000000002 0.0 0.0 0.0 -0.04510152941568019
0.22500000000000003 0.0 0.0 0.0 -0.07435657552314842
0.2750000000000001 0.0 0.0 0.0 -0.11092538315748371
0.32500000000000007 0.0 0.0 0.0 -0.15480795231868605
0.3750000000000001 0.0 0.0 0.0 -0.20600428300675547
0.4250000000000001 0.0 0.0 0.0 -0.2645143752216919
0.4750000000000001 0.0 0.0 0.0 -0.33033822896349546
0.5250000000000001 0.0 0.0 0.0 -0.403475844232166
0.5750000000000002 0.0 0.0 0.0 -0.48392722102770364
0.6250000000000001 0.0 0.0 0.0 -0.5716923593501083
0.6750000000000002 0.0 0.0 0.0 -0.6667712591993801
0.7250000000000002 0.0 0.0 0.0 -0.769163920575519
0.7750000000000001 0.0 0.0 0.0 -0.8788703434785248
0.8250000000000002 0.0 0.0 0.0 -0.9958905279083977
0.8750000000000002 0.0 0.0 0.0 -1.1202244738651377
0.9250000000000002 0.0 0.0 0.0 -1.2518721813487446
0.9750000000000002 0.0 0.0 0.0 -1.3908336503592185
1.0250000000000001 0.0 0.0 0.0 -1.53710888089656
1.0750000000000002 0.0 0.0 0.0 -1.690697872960768
1.1250000000000002 0.0 0.0 0.0 -1.8516006265518437
1.175 0.0 0.0 0.0 -2.0198171416697854
1.225 0.0 0.0 0.0 -2.195347418314595
1.2750000000000001 0.0 0.0 0.0 -2.3781914564862716
1.3250000000000002 0.0 0.0 0.0 -2.5683492561848156
1.3750000000000002 0.0 0.0 0.0 -2.765820817410226
1.4250000000000003 0.0 0.0 0.0 -2.9706061401625035
1.475 0.0 0.0 0.0 -3.182705224441648
1.5250000000000001 0.0 0.0 0.0 -3.40211807024766
1.5750000000000002 0.0 0.0 0.0 -3.6288446775805387
1.6250000000000002 0.0 0.0 0.0 -3.862885046440284
1.6750000000000003 0.0 0.0 0.0 -4.104239176826897
1.7250000000000003 0.0 0.0 0.0 -4.352907068740378
1.7750000000000004 0.0 0.0 0.0 -4.608888722180724
1.8250000000000002 0.0 0.0 0.0 -4.872184137147938
1.8750000000000002 0.0 0.0 0.0 -5.142793313642019
1.9250000000000003 0.0 0.0 0.0 -5.4207162516629674
1.9750000000000003 0.0 0.0 0.0 -5.705952951210783
2.0250000000000004 0.0 0.0 0.0 -5.998503412285465
2.075 0.0 0.0 0.0 -6.298367634887016
2.1250000000000004 0.0 0.0 0.0 -6.605545619015431
2.1750000000000003 1.7340946829657782 0.0016835016835016834 5.1545448541889245 5.079962635329286
2.2250000000000005 1.3808639840650734 0.0030864197530864196 4.295454045157437 2.7581571281471353
2.2750000000000004 4.094591866193023 0.007435465768799102 13.315907539988057 23.429037859438118
2.325 3.793916878062556 0.011644219977553312 12.88636213547231 22.09260482920223
2.3750000000000004 2.3027115623767385 0.01430976430976431 8.16136268579913 10.748858037439481
2.4250000000000003 2.7899831416173226 0.017676767676767676 10.309089708377849 15.397797484149864
2.4750000000000005 1.33919949873442 0.01936026936026936 5.1545448541889245 3.039423169333377
2.5250000000000004 1.608360919356411 0.021464646464646464 6.443181067736155 5.673735092990023
2.5750000000000006 2.474413853260456 0.024831649831649833 10.309089708377849 14.300733255119805
2.6250000000000004 1.5873673584386216 0.02707631874298541 6.8727264722519 5.9204176557227175
2.6750000000000003 1.1464371160121956 0.028759820426487094 5.1545448541889245 1.532788294798765
2.7250000000000005 0.9206276432870163 0.03016273849607183 4.295454045157437 -0.8621548276520574
2.7750000000000004 0.7989764783462332 0.031425364758698095 3.8659086406416936 -2.264411711629746
2.8250000000000006 0.8566057146633186 0.03282828282828283 4.295454045157437 -1.6739823571343013
2.8750000000000004 0.827070564505555 0.03423120089786756 4.295454045157437 -2.0908667641657246
2.9250000000000003 0.5593259034315204 0.03521324354657688 3.006817831610206 -5.515064932724014
2.9750000000000005 1.0041264295386294 0.037037037037037035 5.584090258704668 0.05342313719083158
3.0250000000000004 0.8217907496825118 0.038580246913580245 4.724999449673181 -2.3854025544211925
3.0750000000000006 0.8675822257157593 0.04026374859708193 5.1545448541889245 -1.8315420075600848
3.1250000000000004 0.7000352358845124 0.041666666666666664 4.295454045157437 -4.284995222225842
3.1750000000000007 0.9494253204152137 0.0436307519640853 6.013635663220412 -0.7457621984184684
3.2250000000000005 0.7230257369011827 0.04517396184062851 4.724999449673181 -4.213842936137958
3.2750000000000004 1.5934490189827135 0.04868125701459035 10.738635112893594 9.310762564615686
3.3250000000000006 0.6183547847539459 0.050084175084175085 4.295454045157437 -6.171945696157543
3.3750000000000004 1.2003384196840443 0.05289001122334456 8.590908090314874 3.3380322815423646
3.4250000000000007 1.0489936259710935 0.05541526374859708 7.731817281283387 0.8406964977154061
3.4750000000000005 0.8491870398175352 0.05751964085297419 6.443181067736155 -2.6639530476384223
3.525000000000001 0.2750892941228154 0.05822109988776655 2.1477270225787186 -13.175916354519117
3.5750000000000006 0.32093810768718534 0.0590628507295174 2.5772724270944622 -12.695193422926675
3.6250000000000004 0.6763159875787801 0.060886644219977554 5.584090258704668 -6.221784252861102
3.6750000000000007 0.4049466491926007 0.062008978675645345 3.43636323612595 -11.755688844322403
3.7250000000000005 0.24634295025315603 0.06271043771043772 2.1477270225787186 -15.29690719731056
3.775000000000001 0.191888496095681 0.06327160493827161 1.718181618062975 -16.84543931182559
3.8250000000000006 0.6541663211860135 0.06523569023569023 6.013635663220412 -7.401285187867494
3.8750000000000004 0.3642250037995716 0.06635802469135803 3.43636323612595 -13.964444825436253
3.9250000000000007 0.3106290393536767 0.06734006734006734 3.006817831610206 -15.534918224531882
3.9750000000000005 0.4759287074660441 0.06888327721661056 4.724999449673181 -12.112705385154378
4.025000000000001 0.9705539703441378 0.07210998877665545 9.879544303862104 -0.6978063073037433
4.075000000000001 0.9057142793459791 0.07519640852974187 9.449998899346362 -2.2902209909799716
4.125000000000001 0.683006610503062 0.07758136924803591 7.3022718767676436 -7.889949436183073
4.175000000000002 0.5883046992396568 0.07968574635241302 6.443181067736155 -10.496991642913041
4.225000000000001 0.6510579328631726 0.08207070707070707 7.3022718767676436 -9.111347611169876
4.275000000000001 0.7481385189303362 0.08487654320987655 8.590908090314874 -6.73301734095357
4.325000000000001 0.7674877333984169 0.08782267115600449 9.020453494830617 -6.362000832264137
4.375000000000001 1.000060786369702 0.09175084175084175 12.027271326440824 0.0017019148984260823
4.425000000000002 0.8379329714599074 0.09511784511784512 10.309089708377849 -4.641909099465874
4.475000000000001 1.1265553937327197 0.09974747474747475 14.174998349019544 3.70716612464296
4.525000000000001 1.602613734108782 0.10648148148148148 20.618179416755698 18.04892758722492
4.575000000000001 1.8617336344780198 0.11447811447811448 24.484088057397393 26.383375288280018
4.625000000000001 1.853657524255619 0.12261503928170595 24.913633461913133 26.71050922780825
4.675000000000002 1.376304453008527 0.12878787878787878 18.899997798692723 12.03032940580961
4.725000000000001 1.5004364657429716 0.135662177328844 21.04772482127144 16.342835822284115
4.775000000000001 0.7495808750895985 0.13916947250280584 10.738635112893594 -8.35197152276826
4.825000000000001 0.8809513830401189 0.14337822671156006 12.88636213547231 -4.054092629347501
4.875000000000001 0.6903787310352202 0.1467452300785634 10.309089708377849 -10.763527497453602
4.925000000000002 0.5355087973933468 0.1494107744107744 8.16136268579913 -16.48027612708657
4.975000000000001 0.7181459754304421 0.15305836139169474 11.168180517409336 -10.204338518246416
5.025000000000001 0.7039257323606338 0.15670594837261503 11.168180517409336 -10.935714670933116
5.075000000000001 0.9555559111395531 0.1617564534231201 15.463634562566774 -1.6744045851466893
5.125000000000002 1.3794751903757156 0.1691919191919192 22.76590643933442 14.579591739112864
5.175000000000002 0.6381828522676821 0.17269921436588104 10.738635112893594 -14.173725698154442
5.225000000000001 0.5759451707048131 0.17592592592592593 9.879544303862104 -16.934356896948614
5.275000000000001 0.9090394968261875 0.18111672278338944 15.893179967082517 -3.702301857269653
5.325000000000001 0.6991732299367779 0.18518518518518517 12.456816730956566 -12.477560579117565
5.375000000000002 1.1121592998890601 0.19177890011223345 20.18863401223995 4.739866937507664
5.425000000000002 0.7433213855610025 0.1962682379349046 13.7454529445038 -11.050019307393981
5.475000000000001 0.8210326803700247 0.20131874298540967 15.463634562566774 -7.847219313822492
5.525000000000001 0.9630085336496843 0.20735129068462402 18.470452394176977 -1.6517330817778628
5.575000000000001 1.0117993263512015 0.2138047138047138 19.75908860772421 0.5364393887398933
5.625000000000002 0.8642537785383446 0.21941638608305275 17.18181618062975 -6.282701902269217
5.675000000000002 0.7854099370849801 0.22460718294051626 15.893179967082517 -10.109156954805194
5.725000000000001 1.0846230004962785 0.23190235690235692 22.336361034818673 4.057074231131963
5.775000000000001 1.2709082772007128 0.24060044893378227 26.631815079976114 13.215991655542247
5.825000000000001 0.967110102924746 0.247334455667789 20.618179416755698 -1.6324046815743358
5.875000000000002 1.6835645452403512 0.25925925925925924 36.51135938383821 34.51188521978222
5.925000000000002 1.1294783628104894 0.2673961840628507 24.913633461913133 6.648861359611914
5.975000000000001 1.1106541628374103 0.2755331088664422 24.913633461913133 5.778523737914732
6.025000000000001 1.280623675293223 0.2850729517396184 29.209087507070574 14.900872354690684
6.075000000000002 0.9817706894901932 0.2925084175084175 22.76590643933442 -0.984092790060231
6.125000000000002 0.8564706183578894 0.2991021324354658 20.18863401223995 -7.876371696338012
6.175000000000002 0.6454393108287292 0.3041526374859708 15.463634562566774 -19.775964364142666
6.225000000000001 0.8291746579181917 0.31074635241301907 20.18863401223995 -9.682870793474166
6.275000000000001 1.1111672292166483 0.3197250280583614 27.4909058890076 6.402909015667447
6.325000000000002 1.1107574737152688 0.3288439955106622 27.920451293523342 6.481375063282194
6.375000000000002 1.1102238170473449 0.3381032547699214 28.34999669803909 6.552527349370074
6.425000000000002 0.6789919254346339 0.34385521885521886 17.61136158514549 -19.383634126068912
6.475000000000001 0.8316061286713854 0.351010101010101 21.906815630302926 -10.32710936303475
6.525000000000001 1.027651890699259 0.3599887766554433 27.4909058890076 1.7221016384725303
6.575000000000002 1.3283572412895321 0.3717732884399551 36.08181397932247 20.763998878452945
6.625000000000002 1.3083823236890215 0.3835578002244669 36.08181397932247 19.798582356906508
6.675000000000002 1.3195416086977605 0.3956228956228956 36.940904788353954 20.82585207383316
6.725000000000001 1.1639474038776811 0.4064253647586981 33.07499614771227 10.845808029232984
6.775000000000001 0.8936344215969864 0.4148428731762065 25.77272427094462 -7.141549776894067
6.825000000000002 1.2621774190429391 0.42690796857463525 36.940904788353954 17.86377865545201
6.875000000000002 1.4463782734763662 0.4409371492704826 42.954540451574374 30.861793326271226
6.925000000000002 1.2402436701335644 0.45314253647586983 37.370450192869704 16.85249423556357
6.975000000000001 1.0398498771354798 0.46352413019079686 31.786359934165034 2.8358813833290526
7.025000000000002 1.0666586102201185 0.4743265993265993 33.07499614771227 4.811954769567677
7.075000000000002 0.9560322723844075 0.48414702581369246 30.06817831610206 -3.2192856057206
7.125000000000002 1.1850600597204368 0.49649270482603813 37.79999559738545 13.742160257464292
7.175000000000002 1.2084398345162188 0.5092592592592593 39.08863181093268 15.696292359122282
7.225000000000001 1.1786755697382771 0.5218855218855218 38.65908640641693 13.643110699253455
7.275000000000002 1.1625295832843983 0.5345117845117845 38.65908640641693 12.582615277857727
7.325000000000002 0.9938180199229453 0.5454545454545454 33.50454155222801 -0.48519390506488946
7.375000000000002 1.1186481341991197 0.5579405162738497 38.2295410019012 9.439683150485664
7.425000000000002 1.4384429460258925 0.5742143658810326 49.827266923826265 35.35724644450934
7.475000000000001 1.7618449565608365 0.5944163860830527 61.8545382502671 62.26749597700615
7.525000000000002 1.2072983369384704 0.6084455667789002 42.954540451574374 17.17043174797608
7.575000000000002 1.0722717568871054 0.6210718294051627 38.65908640641693 6.066053757419169
7.625000000000002 1.011221763136109 0.6331369248035915 36.940904788353954 0.9543620053353834
7.675000000000002 0.8588209384617603 0.6435185185185185 31.786359934165034 -12.164643508275276
7.725000000000001 1.2257855405431768 0.6585297418630752 45.96135828318458 19.70903721658719
7.775000000000002 1.0856707809593718 0.6719977553310886 41.236358833511396 7.575404179922813
7.825000000000002 1.0941707841561288 0.6857463524130191 42.09544964254288 8.43445738173152
7.875000000000002 1.0692970264919825 0.699354657687991 41.665904238027146 6.286196822013423
7.925000000000002 1.1320420670192293 0.7139450056116723 44.672722069637345 12.13062250076841
7.975000000000002 1.1393896444085425 0.7288159371492705 45.53181287866884 12.967734417996553
8.025000000000002 1.146466785325895 0.7439674523007856 46.39090368770032 13.797532573697808
8.075000000000001 1.2476412368401877 0.760662177328844 51.11590313737349 23.620016967872232
8.125000000000002 1.1701985142634441 0.7765151515151515 48.53863071027904 16.435187600519754
8.175000000000002 1.0434040161000053 0.7908249158249159 43.81363126060585 4.243044471640431
8.225000000000001 1.101495065713696 0.8061167227833894 46.82044909221606 10.04358758123422
8.275000000000002 1.1281590354435966 0.821969696969697 48.53863071027904 12.83681692930115
8.325000000000003 1.016006867773338 0.8364197530864198 44.24317666512161 1.6227325158412498
8.375000000000002 0.8966978216426656 0.8493265993265994 39.51817721544842 -10.598665659145567
8.425000000000002 1.1750272695426387 0.8664421997755332 52.404539350920736 18.17262240434077
8.475000000000001 1.1421674554416033 0.8832772166105499 51.54544854188924 14.93659670630025
8.525000000000002 0.978301068271643 0.8978675645342312 44.672722069637345 -2.3067427532671587
8.575000000000003 0.8739519876662584 0.9110549943883277 40.3772680244799 -13.557395974361441
8.625000000000002 0.6341016390054908 0.9207351290684624 29.638632911586317 -39.815362956982554
8.675000000000002 0.7630769331987227 0.9325196408529742 36.08181397932247 -26.080643701130555
8.725000000000001 0.7723170101284405 0.9445847362514029 36.940904788353954 -25.353238206805443
8.775000000000002 0.8345678243277416 0.9577721661054994 40.3772680244799 -18.633146474007162
8.825000000000003 0.8778061492804821 0.9718013468013468 42.954540451574374 -13.92036850273577
8.875000000000002 0.7637900716058073 0.9841470258136925 37.79999559738545 -27.214904292991235
8.925000000000002 1.1328842904073142 1.002665544332211 56.69999339607818 15.483246155226425
8.975000000000001 1.052400040592374 1.0200617283950617 53.26363015995223 6.174082841917212
9.025000000000002 1.292570969313709 1.0416666666666667 66.14999229542454 34.85760576708114
9.075000000000003 0.938022565710138 1.0575196408529741 48.53863071027904 -7.466185069281764
9.125000000000002 0.9441917822166145 1.0736531986531987 49.39772151931052 -6.797289667171597
9.175000000000002 1.1856836846097862 1.0941358024691359 62.71362905929859 22.86429197341174
9.225000000000001 1.0684323690533484 1.112794612794613 57.12953880059391 8.518559852468186
9.275000000000002 0.9615805954112647 1.1297699214365882 51.974993946404986 -4.8344860300022106
9.325000000000003 0.9277105481336416 1.146324354657688 50.68635773285776 -9.194845673999467
9.375000000000002 0.8556148462831412 1.1617564534231202 47.24999449673181 -18.56251907952361
9.425000000000002 0.9235208791238704 1.1785914702581368 51.54544854188924 -9.937506246574628
9.475000000000001 0.8985697019994346 1.1951459034792369 50.68635773285776 -13.319807175152505
9.525000000000002 0.9569780217183513 1.212962962962963 54.55226637349944 -5.709421865257241
9.575000000000003 0.8053309909993046 1.2281144781144782 46.39090368770032 -26.106350316888836
9.625000000000002 0.6420162319097611 1.2403198653198653 37.370450192869704 -48.51059253004732
9.675000000000002 0.9786583212676387 1.2591189674523007 57.559084205109656 -2.922148504732661
9.725000000000001 0.8385076347924943 1.2753928170594837 49.827266923826265 -22.341018240944862
9.775000000000002 0.7941777371169768 1.2909652076318743 47.67953990124755 -28.76720173868395
9.825000000000003 0.7577866169171977 1.305976430976431 45.96135828318458 -34.2006989979499
9.875000000000002 0.8342592558390874 1.3226711560044893 51.11590313737349 -23.64151001874268
9.925000000000002 0.7703538158955872 1.3382435465768798 47.67953990124755 -33.089634801062374
9.975000000000001 0.9756427801818625 1.3581649831649831 60.99544744123561 -3.5450733449089
10.025000000000002 0.8230854341580938 1.3751402918069584 51.974993946404986 -26.007825650282342
10.075000000000003 0.7947311120551454 1.3916947250280585 50.68635773285776 -30.477891717182615
10.125000000000002 0.9069371059665269 1.4107744107744107 58.41817501414115 -13.955271545609776
10.175000000000002 1.0235078954307035 1.4325196408529741 66.57953769994027 3.5600348644362327
10.225000000000003 0.9089008514015938 1.452020202020202 59.70681122768838 -13.931972487044646
10.275000000000002 0.7446677245210938 1.4681537598204264 49.39772151931052 -39.43129360005244
10.325000000000003 0.9683340126235436 1.489337822671156 64.8613560818773 -4.937928474587039
10.375000000000002 1.0352369434468705 1.512205387205387 70.01590093606622 5.548122889351504
